[debug] [2023-04-05T22:57:17.955Z] ----------------------------------------------------------------------
[debug] [2023-04-05T22:57:17.956Z] Command:       C:\Program Files\nodejs\node.exe C:\Users\Dulmina\AppData\Local\pnpm\global\5\node_modules\firebase-tools\lib\bin\firebase.js init
[debug] [2023-04-05T22:57:17.957Z] CLI Version:   11.23.1
[debug] [2023-04-05T22:57:17.957Z] Platform:      win32
[debug] [2023-04-05T22:57:17.957Z] Node Version:  v16.16.0
[debug] [2023-04-05T22:57:17.958Z] Time:          Thu Apr 06 2023 04:27:17 GMT+0530 (India Standard Time)
[debug] [2023-04-05T22:57:17.958Z] ----------------------------------------------------------------------
[debug] 
[debug] [2023-04-05T22:57:18.025Z] > command requires scopes: ["email","openid","https://www.googleapis.com/auth/cloudplatformprojects.readonly","https://www.googleapis.com/auth/firebase","https://www.googleapis.com/auth/cloud-platform"]
[debug] [2023-04-05T22:57:18.025Z] > authorizing via signed-in user (dulminawijegunarathne@gmail.com)
[info] 
     ######## #### ########  ######## ########     ###     ######  ########
     ##        ##  ##     ## ##       ##     ##  ##   ##  ##       ##
     ######    ##  ########  ######   ########  #########  ######  ######
     ##        ##  ##    ##  ##       ##     ## ##     ##       ## ##
     ##       #### ##     ## ######## ########  ##     ##  ######  ########

You're about to initialize a Firebase project in this directory:

  C:\Users\Dulmina\Desktop\IIT\Save_Hearts\save-hearts

Before we get started, keep in mind:

  * You are initializing within an existing Firebase project directory

[info] 
=== Project Setup
[info] 
[info] First, let's associate this project directory with a Firebase project.
[info] You can create multiple project aliases by running firebase use --add, 
[info] but for now we'll just set up a default project.
[info] 
[debug] [2023-04-05T22:57:28.223Z] Using project from CLI flag: save-hearts-team-xcode
[debug] [2023-04-05T22:57:28.226Z] >>> [apiv2][query] GET https://firebase.googleapis.com/v1beta1/projects/save-hearts-team-xcode [none]
[debug] [2023-04-05T22:57:28.966Z] <<< [apiv2][status] GET https://firebase.googleapis.com/v1beta1/projects/save-hearts-team-xcode 200
[debug] [2023-04-05T22:57:28.967Z] <<< [apiv2][body] GET https://firebase.googleapis.com/v1beta1/projects/save-hearts-team-xcode {"projectId":"save-hearts-team-xcode","projectNumber":"476504342331","displayName":"save-hearts","name":"projects/save-hearts-team-xcode","resources":{"hostingSite":"save-hearts-team-xcode","storageBucket":"save-hearts-team-xcode.appspot.com","locationId":"asia-south1"},"state":"ACTIVE","etag":"1_541ae749-e980-418f-97d3-b195dc122a9c"}
[info] i  Using project save-hearts-team-xcode (save-hearts) 
[info] 
=== Hosting Setup
[info] 
[info] Your public directory is the folder (relative to your project directory) that
[info] will contain Hosting assets to be uploaded with firebase deploy. If you
[info] have a build process for your assets, use your build's output directory.
[info] 
